<?xml version="1.0" encoding="UTF-8"?>
<!-- Generated by org.testng.reporters.JUnitXMLReporter -->
<testsuite ignored="0" hostname="yogesh2693" failures="1" tests="4" name="Test" time="8.01" errors="0" timestamp="2022-05-28T12:12:52 IST">
  <testcase classname="com.SauceDemo.TestClasses.TC02Singleproduct" name="singleproducttest" time="0.191">
    <failure type="junit.framework.ComparisonFailure" message="test fail if expected and actual not equal expected:&amp;lt;[0]&amp;gt; but was:&amp;lt;[1]&amp;gt;">
      <![CDATA[junit.framework.ComparisonFailure: test fail if expected and actual not equal expected:<[0]> but was:<[1]>
at junit.framework.Assert.assertEquals(Assert.java:100)
at com.SauceDemo.TestClasses.TC02Singleproduct.singleproducttest(TC02Singleproduct.java:21)
at java.base/java.util.concurrent.ThreadPoolExecutor.runWorker(ThreadPoolExecutor.java:1136)
at java.base/java.util.concurrent.ThreadPoolExecutor$Worker.run(ThreadPoolExecutor.java:635)
at java.base/java.lang.Thread.run(Thread.java:833)
... Removed 12 stack frames]]>
    </failure>
  </testcase> <!-- singleproducttest -->
  <testcase classname="com.SauceDemo.TestClasses.TC04LogoutFunctionality" name="logoutVerification" time="0.229"/>
  <testcase classname="com.SauceDemo.TestClasses.TC01LoginFunctionalityTest" name="loginFunctionalityTest" time="0.35"/>
  <testcase classname="com.SauceDemo.TestClasses.TC03AddAllProducts" name="addAllproducts" time="0.622"/>
</testsuite> <!-- Test -->
