<?xml version="1.0" encoding="UTF-8"?>
<!-- Generated by org.testng.reporters.JUnitXMLReporter -->
<testsuite ignored="0" hostname="yogesh2693" failures="1" tests="1" name="firefoxTest(failed)" time="4.219" errors="0" timestamp="2022-05-28T12:34:59 IST">
  <testcase classname="com.SauceDemo.TestClasses.TC02Singleproduct" name="singleproducttest" time="0.244">
    <failure type="junit.framework.ComparisonFailure" message="test fail if expected and actual not equal expected:&amp;lt;[0]&amp;gt; but was:&amp;lt;[1]&amp;gt;">
      <![CDATA[junit.framework.ComparisonFailure: test fail if expected and actual not equal expected:<[0]> but was:<[1]>
at junit.framework.Assert.assertEquals(Assert.java:100)
at com.SauceDemo.TestClasses.TC02Singleproduct.singleproducttest(TC02Singleproduct.java:21)
at java.base/java.util.concurrent.ThreadPoolExecutor.runWorker(ThreadPoolExecutor.java:1136)
at java.base/java.util.concurrent.ThreadPoolExecutor$Worker.run(ThreadPoolExecutor.java:635)
at java.base/java.lang.Thread.run(Thread.java:833)
... Removed 12 stack frames]]>
    </failure>
  </testcase> <!-- singleproducttest -->
</testsuite> <!-- firefoxTest(failed) -->
